2019-07-02 14:33:53,883 ERROR: Exception on /edit_profile [GET] [in c:\microblog\venv\lib\site-packages\flask\app.py:1780]
Traceback (most recent call last):
  File "c:\microblog\venv\lib\site-packages\flask\app.py", line 2311, in wsgi_app
    response = self.full_dispatch_request()
  File "c:\microblog\venv\lib\site-packages\flask\app.py", line 1834, in full_dispatch_request
    rv = self.handle_user_exception(e)
  File "c:\microblog\venv\lib\site-packages\flask\app.py", line 1737, in handle_user_exception
    reraise(exc_type, exc_value, tb)
  File "c:\microblog\venv\lib\site-packages\flask\_compat.py", line 36, in reraise
    raise value
  File "c:\microblog\venv\lib\site-packages\flask\app.py", line 1832, in full_dispatch_request
    rv = self.dispatch_request()
  File "c:\microblog\venv\lib\site-packages\flask\app.py", line 1818, in dispatch_request
    return self.view_functions[rule.endpoint](**req.view_args)
  File "c:\microblog\venv\lib\site-packages\flask_login\utils.py", line 261, in decorated_view
    return func(*args, **kwargs)
  File "C:\microblog\app\routes.py", line 87, in edit_profile
    form = EditProfileForm()
  File "c:\microblog\venv\lib\site-packages\wtforms\form.py", line 212, in __call__
    return type.__call__(cls, *args, **kwargs)
TypeError: __init__() missing 1 required positional argument: 'original_username'
2019-07-02 14:35:52,546 INFO: Microblog startup [in C:\microblog\app\__init__.py:43]
2019-07-02 14:35:56,388 ERROR: Exception on /edit_profile [GET] [in c:\microblog\venv\lib\site-packages\flask\app.py:1780]
Traceback (most recent call last):
  File "c:\microblog\venv\lib\site-packages\flask\app.py", line 2311, in wsgi_app
    response = self.full_dispatch_request()
  File "c:\microblog\venv\lib\site-packages\flask\app.py", line 1834, in full_dispatch_request
    rv = self.handle_user_exception(e)
  File "c:\microblog\venv\lib\site-packages\flask\app.py", line 1737, in handle_user_exception
    reraise(exc_type, exc_value, tb)
  File "c:\microblog\venv\lib\site-packages\flask\_compat.py", line 36, in reraise
    raise value
  File "c:\microblog\venv\lib\site-packages\flask\app.py", line 1832, in full_dispatch_request
    rv = self.dispatch_request()
  File "c:\microblog\venv\lib\site-packages\flask\app.py", line 1818, in dispatch_request
    return self.view_functions[rule.endpoint](**req.view_args)
  File "c:\microblog\venv\lib\site-packages\flask_login\utils.py", line 261, in decorated_view
    return func(*args, **kwargs)
  File "C:\microblog\app\routes.py", line 87, in edit_profile
    form = EditProfileForm()
  File "c:\microblog\venv\lib\site-packages\wtforms\form.py", line 212, in __call__
    return type.__call__(cls, *args, **kwargs)
TypeError: __init__() missing 1 required positional argument: 'original_username'
2019-07-02 14:41:11,312 INFO: Microblog startup [in C:\microblog\app\__init__.py:43]
2019-07-02 17:31:40,792 INFO: Microblog startup [in C:\microblog\app\__init__.py:43]
2019-07-02 17:32:03,520 INFO: Microblog startup [in C:\microblog\app\__init__.py:43]
2019-07-02 17:32:34,970 INFO: Microblog startup [in C:\microblog\app\__init__.py:43]
2019-07-03 09:52:32,606 INFO: Microblog startup [in C:\microblog\app\__init__.py:43]
2019-07-03 09:53:23,887 INFO: Microblog startup [in C:\microblog\app\__init__.py:43]
2019-07-03 09:54:45,318 INFO: Microblog startup [in C:\microblog\app\__init__.py:43]
2019-07-03 09:55:37,096 INFO: Microblog startup [in C:\microblog\app\__init__.py:43]
2019-07-03 09:56:21,453 INFO: Microblog startup [in C:\microblog\app\__init__.py:43]
2019-07-03 09:57:14,421 INFO: Microblog startup [in C:\microblog\app\__init__.py:43]
2019-07-03 09:57:29,770 INFO: Microblog startup [in C:\microblog\app\__init__.py:43]
2019-07-03 09:57:54,368 INFO: Microblog startup [in C:\microblog\app\__init__.py:43]
2019-07-03 09:58:01,057 INFO: Microblog startup [in C:\microblog\app\__init__.py:43]
2019-07-03 09:59:00,790 INFO: Microblog startup [in C:\microblog\app\__init__.py:43]
2019-07-03 09:59:14,718 INFO: Microblog startup [in C:\microblog\app\__init__.py:43]
2019-07-03 10:00:11,501 INFO: Microblog startup [in C:\microblog\app\__init__.py:43]
2019-07-03 10:00:53,518 INFO: Microblog startup [in C:\microblog\app\__init__.py:43]
2019-07-03 10:01:15,976 INFO: Microblog startup [in C:\microblog\app\__init__.py:43]
2019-07-03 10:02:02,131 INFO: Microblog startup [in C:\microblog\app\__init__.py:43]
2019-07-03 10:03:26,965 INFO: Microblog startup [in C:\microblog\app\__init__.py:43]
2019-07-03 10:04:34,637 INFO: Microblog startup [in C:\microblog\app\__init__.py:43]
2019-07-03 10:06:28,464 INFO: Microblog startup [in C:\microblog\app\__init__.py:43]
2019-07-03 10:07:31,305 INFO: Microblog startup [in C:\microblog\app\__init__.py:43]
2019-07-03 10:08:30,952 INFO: Microblog startup [in C:\microblog\app\__init__.py:43]
2019-07-03 10:08:54,887 INFO: Microblog startup [in C:\microblog\app\__init__.py:43]
2019-07-03 10:09:38,220 INFO: Microblog startup [in C:\microblog\app\__init__.py:43]
2019-07-03 10:10:40,075 INFO: Microblog startup [in C:\microblog\app\__init__.py:43]
2019-07-03 10:11:22,011 INFO: Microblog startup [in C:\microblog\app\__init__.py:43]
2019-07-03 10:11:49,137 INFO: Microblog startup [in C:\microblog\app\__init__.py:43]
2019-07-03 10:13:12,558 INFO: Microblog startup [in C:\microblog\app\__init__.py:43]
2019-07-03 10:13:56,995 INFO: Microblog startup [in C:\microblog\app\__init__.py:43]
2019-07-03 10:21:09,091 INFO: Microblog startup [in C:\microblog\app\__init__.py:43]
